<?xml version="1.0" encoding="UTF-8"?>
<!-- Generated by org.testng.reporters.JUnitXMLReporter -->
<testsuite hostname="out-backup.bta.net.cn" ignored="0" name="XunitDemo" tests="6" failures="0" timestamp="23 十二月 2018 14:18:10 GMT" time="0.041" errors="0">
  <testcase name="testUserLogin1" time="0.009" classname="TestXunit.LoginTest"/>
  <testcase name="testUserLogin2" time="0.0" classname="TestXunit.LoginTest"/>
  <testcase name="testUserLogin3" time="0.0" classname="TestXunit.LoginTest"/>
  <testcase name="testGetPrice" time="0.001" classname="TestXunit.ShoppingTest"/>
  <testcase name="testGetPrice" time="0.0" classname="TestXunit.ShoppingTest"/>
  <testcase name="testGetPrice" time="0.0" classname="TestXunit.ShoppingTest"/>
</testsuite> <!-- XunitDemo -->
