<?xml version="1.0" encoding="UTF-8"?>
<testng-results skipped="0" failed="0" ignored="0" total="3" passed="3">
  <reporter-output>
  </reporter-output>
  <suite name="All Test Suite" duration-ms="35" started-at="2018-12-23T08:59:49Z" finished-at="2018-12-23T08:59:50Z">
    <groups>
    </groups>
    <test name="XunitDemo" duration-ms="35" started-at="2018-12-23T08:59:49Z" finished-at="2018-12-23T08:59:50Z">
      <class name="TestXunit.LoginTest">
        <test-method status="PASS" signature="testUserLogin1()[pri:0, instance:TestXunit.LoginTest@340f438e]" name="testUserLogin1" duration-ms="9" started-at="2018-12-23T08:59:49Z" finished-at="2018-12-23T08:59:50Z">
          <reporter-output>
          </reporter-output>
        </test-method> <!-- testUserLogin1 -->
        <test-method status="PASS" signature="testUserLogin2()[pri:0, instance:TestXunit.LoginTest@340f438e]" name="testUserLogin2" duration-ms="0" started-at="2018-12-23T08:59:50Z" finished-at="2018-12-23T08:59:50Z">
          <reporter-output>
          </reporter-output>
        </test-method> <!-- testUserLogin2 -->
        <test-method status="PASS" signature="testUserLogin3()[pri:0, instance:TestXunit.LoginTest@340f438e]" name="testUserLogin3" duration-ms="0" started-at="2018-12-23T08:59:50Z" finished-at="2018-12-23T08:59:50Z">
          <reporter-output>
          </reporter-output>
        </test-method> <!-- testUserLogin3 -->
      </class> <!-- TestXunit.LoginTest -->
    </test> <!-- XunitDemo -->
  </suite> <!-- All Test Suite -->
</testng-results>
