<?xml version="1.0" encoding="UTF-8"?>
<!-- Generated by org.testng.reporters.JUnitXMLReporter -->
<testsuite hostname="out-backup.bta.net.cn" ignored="0" name="XunitDemo" tests="3" failures="0" timestamp="23 十二月 2018 08:59:50 GMT" time="0.035" errors="0">
  <testcase name="testUserLogin1" time="0.009" classname="TestXunit.LoginTest"/>
  <testcase name="testUserLogin2" time="0.0" classname="TestXunit.LoginTest"/>
  <testcase name="testUserLogin3" time="0.0" classname="TestXunit.LoginTest"/>
</testsuite> <!-- XunitDemo -->
